# JRE version: OpenJDK Runtime Environment (21.0.3) (build 21.0.3+-12282718-b509.11)
# Java VM: OpenJDK 64-Bit Server VM (21.0.3+-12282718-b509.11, mixed mode, tiered, compressed oops, compressed class ptrs, g1 gc, windows-amd64)
GC Precious Log:
 CardTable entry size: 512
 Card Set container configuration: InlinePtr #cards 5 size 8 Array Of Cards #cards 12 size 40 Howl #buckets 4 coarsen threshold 1843 Howl Bitmap #cards 512 size 80 coarsen threshold 460 Card regions per heap region 1 cards per card region 2048
 CPUs: 4 total, 4 available
 Memory: 20263M
 Large Page Support: Disabled
 NUMA Support: Disabled
 Compressed Oops: Enabled (32-bit)
 Heap Region Size: 1M
 Heap Min Capacity: 8M
 Heap Initial Capacity: 318M
 Heap Max Capacity: 2G
 Pre-touch: Disabled
 Parallel Workers: 4
 Concurrent Workers: 1
 Concurrent Refinement Workers: 4
 Periodic GC: Disabled
Heap:
 garbage-first heap   total 193536K, used 132302K [0x0000000080000000, 0x0000000100000000)
  region size 1024K, 30 young (30720K), 5 survivors (5120K)
 Metaspace       used 97611K, committed 99584K, reserved 1179648K
  class space    used 13052K, committed 14016K, reserved 1048576K
GC Heap History (20 events):
Event: 6.440 GC heap before
{Heap before GC invocations=6 (full 0):
 garbage-first heap   total 78848K, used 59702K [0x0000000080000000, 0x0000000100000000)
  region size 1024K, 29 young (29696K), 5 survivors (5120K)
 Metaspace       used 35093K, committed 35968K, reserved 1114112K
  class space    used 4740K, committed 5184K, reserved 1048576K
}
Event: 6.450 GC heap after
{Heap after GC invocations=7 (full 0):
 garbage-first heap   total 78848K, used 41866K [0x0000000080000000, 0x0000000100000000)
  region size 1024K, 5 young (5120K), 5 survivors (5120K)
 Metaspace       used 35093K, committed 35968K, reserved 1114112K
  class space    used 4740K, committed 5184K, reserved 1048576K
}
Event: 6.918 GC heap before
{Heap before GC invocations=8 (full 0):
 garbage-first heap   total 78848K, used 66442K [0x0000000080000000, 0x0000000100000000)
  region size 1024K, 28 young (28672K), 5 survivors (5120K)
 Metaspace       used 37908K, committed 38848K, reserved 1114112K
  class space    used 5180K, committed 5632K, reserved 1048576K
}
Event: 6.923 GC heap after
{Heap after GC invocations=9 (full 0):
 garbage-first heap   total 78848K, used 44990K [0x0000000080000000, 0x0000000100000000)
  region size 1024K, 2 young (2048K), 2 survivors (2048K)
 Metaspace       used 37908K, committed 38848K, reserved 1114112K
  class space    used 5180K, committed 5632K, reserved 1048576K
}
Event: 7.367 GC heap before
{Heap before GC invocations=9 (full 0):
 garbage-first heap   total 78848K, used 67518K [0x0000000080000000, 0x0000000100000000)
  region size 1024K, 24 young (24576K), 2 survivors (2048K)
 Metaspace       used 40707K, committed 41856K, reserved 1114112K
  class space    used 5666K, committed 6208K, reserved 1048576K
}
Event: 7.377 GC heap after
{Heap after GC invocations=10 (full 0):
 garbage-first heap   total 78848K, used 45796K [0x0000000080000000, 0x0000000100000000)
  region size 1024K, 3 young (3072K), 3 survivors (3072K)
 Metaspace       used 40707K, committed 41856K, reserved 1114112K
  class space    used 5666K, committed 6208K, reserved 1048576K
}
Event: 7.812 GC heap before
{Heap before GC invocations=10 (full 0):
 garbage-first heap   total 78848K, used 68324K [0x0000000080000000, 0x0000000100000000)
  region size 1024K, 25 young (25600K), 3 survivors (3072K)
 Metaspace       used 44137K, committed 45440K, reserved 1114112K
  class space    used 6208K, committed 6848K, reserved 1048576K
}
Event: 7.819 GC heap after
{Heap after GC invocations=11 (full 0):
 garbage-first heap   total 202752K, used 47404K [0x0000000080000000, 0x0000000100000000)
  region size 1024K, 3 young (3072K), 3 survivors (3072K)
 Metaspace       used 44137K, committed 45440K, reserved 1114112K
  class space    used 6208K, committed 6848K, reserved 1048576K
}
Event: 10.189 GC heap before
{Heap before GC invocations=12 (full 0):
 garbage-first heap   total 167936K, used 150828K [0x0000000080000000, 0x0000000100000000)
  region size 1024K, 98 young (100352K), 3 survivors (3072K)
 Metaspace       used 55903K, committed 57472K, reserved 1114112K
  class space    used 7680K, committed 8448K, reserved 1048576K
}
Event: 10.214 GC heap after
{Heap after GC invocations=13 (full 0):
 garbage-first heap   total 167936K, used 58521K [0x0000000080000000, 0x0000000100000000)
  region size 1024K, 12 young (12288K), 12 survivors (12288K)
 Metaspace       used 55903K, committed 57472K, reserved 1114112K
  class space    used 7680K, committed 8448K, reserved 1048576K
}
Event: 13.280 GC heap before
{Heap before GC invocations=13 (full 0):
 garbage-first heap   total 167936K, used 154777K [0x0000000080000000, 0x0000000100000000)
  region size 1024K, 93 young (95232K), 12 survivors (12288K)
 Metaspace       used 64711K, committed 66240K, reserved 1114112K
  class space    used 9153K, committed 9920K, reserved 1048576K
}
Event: 13.302 GC heap after
{Heap after GC invocations=14 (full 0):
 garbage-first heap   total 175104K, used 75894K [0x0000000080000000, 0x0000000100000000)
  region size 1024K, 6 young (6144K), 6 survivors (6144K)
 Metaspace       used 64711K, committed 66240K, reserved 1114112K
  class space    used 9153K, committed 9920K, reserved 1048576K
}
Event: 14.352 GC heap before
{Heap before GC invocations=14 (full 0):
 garbage-first heap   total 175104K, used 138358K [0x0000000080000000, 0x0000000100000000)
  region size 1024K, 68 young (69632K), 6 survivors (6144K)
 Metaspace       used 74251K, committed 75840K, reserved 1114112K
  class space    used 10358K, committed 11072K, reserved 1048576K
}
Event: 14.361 GC heap after
{Heap after GC invocations=15 (full 0):
 garbage-first heap   total 175104K, used 77165K [0x0000000080000000, 0x0000000100000000)
  region size 1024K, 8 young (8192K), 8 survivors (8192K)
 Metaspace       used 74251K, committed 75840K, reserved 1114112K
  class space    used 10358K, committed 11072K, reserved 1048576K
}
Event: 15.480 GC heap before
{Heap before GC invocations=16 (full 0):
 garbage-first heap   total 175104K, used 161133K [0x0000000080000000, 0x0000000100000000)
  region size 1024K, 84 young (86016K), 8 survivors (8192K)
 Metaspace       used 80742K, committed 82368K, reserved 1179648K
  class space    used 11130K, committed 11904K, reserved 1048576K
}
Event: 15.511 GC heap after
{Heap after GC invocations=17 (full 0):
 garbage-first heap   total 182272K, used 88509K [0x0000000080000000, 0x0000000100000000)
  region size 1024K, 11 young (11264K), 11 survivors (11264K)
 Metaspace       used 80742K, committed 82368K, reserved 1179648K
  class space    used 11130K, committed 11904K, reserved 1048576K
}
Event: 17.269 GC heap before
{Heap before GC invocations=17 (full 0):
 garbage-first heap   total 182272K, used 165309K [0x0000000080000000, 0x0000000100000000)
  region size 1024K, 80 young (81920K), 11 survivors (11264K)
 Metaspace       used 88909K, committed 90688K, reserved 1179648K
  class space    used 11951K, committed 12800K, reserved 1048576K
}
Event: 17.294 GC heap after
{Heap after GC invocations=18 (full 0):
 garbage-first heap   total 185344K, used 102400K [0x0000000080000000, 0x0000000100000000)
  region size 1024K, 6 young (6144K), 6 survivors (6144K)
 Metaspace       used 88909K, committed 90688K, reserved 1179648K
  class space    used 11951K, committed 12800K, reserved 1048576K
}
Event: 18.496 GC heap before
{Heap before GC invocations=18 (full 0):
 garbage-first heap   total 185344K, used 165888K [0x0000000080000000, 0x0000000100000000)
  region size 1024K, 68 young (69632K), 6 survivors (6144K)
 Metaspace       used 97322K, committed 99328K, reserved 1179648K
  class space    used 13034K, committed 14016K, reserved 1048576K
}
Event: 18.510 GC heap after
{Heap after GC invocations=19 (full 0):
 garbage-first heap   total 185344K, used 106702K [0x0000000080000000, 0x0000000100000000)
  region size 1024K, 5 young (5120K), 5 survivors (5120K)
 Metaspace       used 97322K, committed 99328K, reserved 1179648K
  class space    used 13034K, committed 14016K, reserved 1048576K
}

