# JRE version: OpenJDK Runtime Environment (21.0.3) (build 21.0.3+-12282718-b509.11)
# Java VM: OpenJDK 64-Bit Server VM (21.0.3+-12282718-b509.11, mixed mode, tiered, compressed oops, compressed class ptrs, g1 gc, windows-amd64)
GC Precious Log:
 CardTable entry size: 512
 Card Set container configuration: InlinePtr #cards 5 size 8 Array Of Cards #cards 12 size 40 Howl #buckets 4 coarsen threshold 1843 Howl Bitmap #cards 512 size 80 coarsen threshold 460 Card regions per heap region 1 cards per card region 2048
 CPUs: 4 total, 4 available
 Memory: 20263M
 Large Page Support: Disabled
 NUMA Support: Disabled
 Compressed Oops: Enabled (32-bit)
 Heap Region Size: 1M
 Heap Min Capacity: 8M
 Heap Initial Capacity: 318M
 Heap Max Capacity: 2G
 Pre-touch: Disabled
 Parallel Workers: 4
 Concurrent Workers: 1
 Concurrent Refinement Workers: 4
 Periodic GC: Disabled
Heap:
 garbage-first heap   total 318464K, used 259584K [0x0000000080000000, 0x0000000100000000)
  region size 1024K, 131 young (134144K), 14 survivors (14336K)
 Metaspace       used 114316K, committed 116352K, reserved 1179648K
  class space    used 14964K, committed 15936K, reserved 1048576K
GC Heap History (20 events):
Event: 18.733 GC heap before
{Heap before GC invocations=27 (full 0):
 garbage-first heap   total 313344K, used 286476K [0x0000000080000000, 0x0000000100000000)
  region size 1024K, 179 young (183296K), 10 survivors (10240K)
 Metaspace       used 58352K, committed 59840K, reserved 1114112K
  class space    used 7938K, committed 8640K, reserved 1048576K
}
Event: 18.743 GC heap after
{Heap after GC invocations=28 (full 0):
 garbage-first heap   total 313344K, used 114493K [0x0000000080000000, 0x0000000100000000)
  region size 1024K, 11 young (11264K), 11 survivors (11264K)
 Metaspace       used 58352K, committed 59840K, reserved 1114112K
  class space    used 7938K, committed 8640K, reserved 1048576K
}
Event: 19.376 GC heap before
{Heap before GC invocations=28 (full 0):
 garbage-first heap   total 313344K, used 285501K [0x0000000080000000, 0x0000000100000000)
  region size 1024K, 178 young (182272K), 11 survivors (11264K)
 Metaspace       used 58355K, committed 59840K, reserved 1114112K
  class space    used 7938K, committed 8640K, reserved 1048576K
}
Event: 19.387 GC heap after
{Heap after GC invocations=29 (full 0):
 garbage-first heap   total 313344K, used 116029K [0x0000000080000000, 0x0000000100000000)
  region size 1024K, 13 young (13312K), 13 survivors (13312K)
 Metaspace       used 58355K, committed 59840K, reserved 1114112K
  class space    used 7938K, committed 8640K, reserved 1048576K
}
Event: 19.721 GC heap before
{Heap before GC invocations=29 (full 0):
 garbage-first heap   total 313344K, used 282941K [0x0000000080000000, 0x0000000100000000)
  region size 1024K, 176 young (180224K), 13 survivors (13312K)
 Metaspace       used 58355K, committed 59840K, reserved 1114112K
  class space    used 7938K, committed 8640K, reserved 1048576K
}
Event: 19.732 GC heap after
{Heap after GC invocations=30 (full 0):
 garbage-first heap   total 313344K, used 111469K [0x0000000080000000, 0x0000000100000000)
  region size 1024K, 13 young (13312K), 13 survivors (13312K)
 Metaspace       used 58355K, committed 59840K, reserved 1114112K
  class space    used 7938K, committed 8640K, reserved 1048576K
}
Event: 21.133 GC heap before
{Heap before GC invocations=30 (full 0):
 garbage-first heap   total 313344K, used 289645K [0x0000000080000000, 0x0000000100000000)
  region size 1024K, 181 young (185344K), 13 survivors (13312K)
 Metaspace       used 58408K, committed 59840K, reserved 1114112K
  class space    used 7943K, committed 8640K, reserved 1048576K
}
Event: 21.145 GC heap after
{Heap after GC invocations=31 (full 0):
 garbage-first heap   total 313344K, used 111890K [0x0000000080000000, 0x0000000100000000)
  region size 1024K, 7 young (7168K), 7 survivors (7168K)
 Metaspace       used 58408K, committed 59840K, reserved 1114112K
  class space    used 7943K, committed 8640K, reserved 1048576K
}
Event: 21.480 GC heap before
{Heap before GC invocations=31 (full 0):
 garbage-first heap   total 313344K, used 289042K [0x0000000080000000, 0x0000000100000000)
  region size 1024K, 180 young (184320K), 7 survivors (7168K)
 Metaspace       used 58408K, committed 59840K, reserved 1114112K
  class space    used 7943K, committed 8640K, reserved 1048576K
}
Event: 21.488 GC heap after
{Heap after GC invocations=32 (full 0):
 garbage-first heap   total 313344K, used 115312K [0x0000000080000000, 0x0000000100000000)
  region size 1024K, 11 young (11264K), 11 survivors (11264K)
 Metaspace       used 58408K, committed 59840K, reserved 1114112K
  class space    used 7943K, committed 8640K, reserved 1048576K
}
Event: 21.846 GC heap before
{Heap before GC invocations=32 (full 0):
 garbage-first heap   total 313344K, used 191088K [0x0000000080000000, 0x0000000100000000)
  region size 1024K, 86 young (88064K), 11 survivors (11264K)
 Metaspace       used 58645K, committed 60096K, reserved 1114112K
  class space    used 7969K, committed 8704K, reserved 1048576K
}
Event: 21.851 GC heap after
{Heap after GC invocations=33 (full 0):
 garbage-first heap   total 313344K, used 101906K [0x0000000080000000, 0x0000000100000000)
  region size 1024K, 4 young (4096K), 4 survivors (4096K)
 Metaspace       used 58645K, committed 60096K, reserved 1114112K
  class space    used 7969K, committed 8704K, reserved 1048576K
}
Event: 25.163 GC heap before
{Heap before GC invocations=34 (full 0):
 garbage-first heap   total 313344K, used 293394K [0x0000000080000000, 0x0000000100000000)
  region size 1024K, 183 young (187392K), 4 survivors (4096K)
 Metaspace       used 65213K, committed 66752K, reserved 1114112K
  class space    used 8842K, committed 9600K, reserved 1048576K
}
Event: 25.179 GC heap after
{Heap after GC invocations=35 (full 0):
 garbage-first heap   total 313344K, used 117932K [0x0000000080000000, 0x0000000100000000)
  region size 1024K, 10 young (10240K), 10 survivors (10240K)
 Metaspace       used 65213K, committed 66752K, reserved 1114112K
  class space    used 8842K, committed 9600K, reserved 1048576K
}
Event: 27.228 GC heap before
{Heap before GC invocations=35 (full 0):
 garbage-first heap   total 313344K, used 295084K [0x0000000080000000, 0x0000000100000000)
  region size 1024K, 174 young (178176K), 10 survivors (10240K)
 Metaspace       used 85372K, committed 87104K, reserved 1179648K
  class space    used 11739K, committed 12544K, reserved 1048576K
}
Event: 27.268 GC heap after
{Heap after GC invocations=36 (full 0):
 garbage-first heap   total 318464K, used 129764K [0x0000000080000000, 0x0000000100000000)
  region size 1024K, 22 young (22528K), 22 survivors (22528K)
 Metaspace       used 85372K, committed 87104K, reserved 1179648K
  class space    used 11739K, committed 12544K, reserved 1048576K
}
Event: 27.831 GC heap before
{Heap before GC invocations=36 (full 0):
 garbage-first heap   total 318464K, used 170724K [0x0000000080000000, 0x0000000100000000)
  region size 1024K, 63 young (64512K), 22 survivors (22528K)
 Metaspace       used 89762K, committed 91392K, reserved 1179648K
  class space    used 12241K, committed 12992K, reserved 1048576K
}
Event: 27.866 GC heap after
{Heap after GC invocations=37 (full 0):
 garbage-first heap   total 318464K, used 125952K [0x0000000080000000, 0x0000000100000000)
  region size 1024K, 5 young (5120K), 5 survivors (5120K)
 Metaspace       used 89762K, committed 91392K, reserved 1179648K
  class space    used 12241K, committed 12992K, reserved 1048576K
}
Event: 29.749 GC heap before
{Heap before GC invocations=38 (full 0):
 garbage-first heap   total 318464K, used 264192K [0x0000000080000000, 0x0000000100000000)
  region size 1024K, 132 young (135168K), 5 survivors (5120K)
 Metaspace       used 105275K, committed 107200K, reserved 1179648K
  class space    used 14049K, committed 14976K, reserved 1048576K
}
Event: 29.768 GC heap after
{Heap after GC invocations=39 (full 0):
 garbage-first heap   total 318464K, used 141824K [0x0000000080000000, 0x0000000100000000)
  region size 1024K, 14 young (14336K), 14 survivors (14336K)
 Metaspace       used 105275K, committed 107200K, reserved 1179648K
  class space    used 14049K, committed 14976K, reserved 1048576K
}

