# JRE version: OpenJDK Runtime Environment (21.0.3) (build 21.0.3+-12282718-b509.11)
# Java VM: OpenJDK 64-Bit Server VM (21.0.3+-12282718-b509.11, mixed mode, tiered, compressed oops, compressed class ptrs, g1 gc, windows-amd64)
GC Precious Log:
 CardTable entry size: 512
 Card Set container configuration: InlinePtr #cards 5 size 8 Array Of Cards #cards 12 size 40 Howl #buckets 4 coarsen threshold 1843 Howl Bitmap #cards 512 size 80 coarsen threshold 460 Card regions per heap region 1 cards per card region 2048
 CPUs: 4 total, 4 available
 Memory: 20263M
 Large Page Support: Disabled
 NUMA Support: Disabled
 Compressed Oops: Enabled (32-bit)
 Heap Region Size: 1M
 Heap Min Capacity: 8M
 Heap Initial Capacity: 318M
 Heap Max Capacity: 2G
 Pre-touch: Disabled
 Parallel Workers: 4
 Concurrent Workers: 1
 Concurrent Refinement Workers: 4
 Periodic GC: Disabled
Heap:
 garbage-first heap   total 227328K, used 157044K [0x0000000080000000, 0x0000000100000000)
  region size 1024K, 39 young (39936K), 10 survivors (10240K)
 Metaspace       used 141105K, committed 143360K, reserved 1179648K
  class space    used 18129K, committed 19264K, reserved 1048576K
GC Heap History (20 events):
Event: 11.794 GC heap before
{Heap before GC invocations=24 (full 0):
 garbage-first heap   total 158720K, used 134787K [0x0000000080000000, 0x0000000100000000)
  region size 1024K, 44 young (45056K), 6 survivors (6144K)
 Metaspace       used 83450K, committed 85056K, reserved 1179648K
  class space    used 11432K, committed 12224K, reserved 1048576K
}
Event: 11.807 GC heap after
{Heap after GC invocations=25 (full 0):
 garbage-first heap   total 158720K, used 99484K [0x0000000080000000, 0x0000000100000000)
  region size 1024K, 4 young (4096K), 4 survivors (4096K)
 Metaspace       used 83450K, committed 85056K, reserved 1179648K
  class space    used 11432K, committed 12224K, reserved 1048576K
}
Event: 12.326 GC heap before
{Heap before GC invocations=25 (full 0):
 garbage-first heap   total 158720K, used 142492K [0x0000000080000000, 0x0000000100000000)
  region size 1024K, 46 young (47104K), 4 survivors (4096K)
 Metaspace       used 88874K, committed 90688K, reserved 1179648K
  class space    used 11968K, committed 12864K, reserved 1048576K
}
Event: 12.336 GC heap after
{Heap after GC invocations=26 (full 0):
 garbage-first heap   total 158720K, used 101298K [0x0000000080000000, 0x0000000100000000)
  region size 1024K, 6 young (6144K), 6 survivors (6144K)
 Metaspace       used 88874K, committed 90688K, reserved 1179648K
  class space    used 11968K, committed 12864K, reserved 1048576K
}
Event: 12.936 GC heap before
{Heap before GC invocations=26 (full 0):
 garbage-first heap   total 158720K, used 142258K [0x0000000080000000, 0x0000000100000000)
  region size 1024K, 46 young (47104K), 6 survivors (6144K)
 Metaspace       used 93598K, committed 95616K, reserved 1179648K
  class space    used 12573K, committed 13568K, reserved 1048576K
}
Event: 12.949 GC heap after
{Heap after GC invocations=27 (full 0):
 garbage-first heap   total 158720K, used 104417K [0x0000000080000000, 0x0000000100000000)
  region size 1024K, 6 young (6144K), 6 survivors (6144K)
 Metaspace       used 93598K, committed 95616K, reserved 1179648K
  class space    used 12573K, committed 13568K, reserved 1048576K
}
Event: 13.555 GC heap before
{Heap before GC invocations=28 (full 0):
 garbage-first heap   total 189440K, used 142305K [0x0000000080000000, 0x0000000100000000)
  region size 1024K, 42 young (43008K), 6 survivors (6144K)
 Metaspace       used 97352K, committed 99328K, reserved 1179648K
  class space    used 13046K, committed 14016K, reserved 1048576K
}
Event: 13.568 GC heap after
{Heap after GC invocations=29 (full 0):
 garbage-first heap   total 189440K, used 106189K [0x0000000080000000, 0x0000000100000000)
  region size 1024K, 5 young (5120K), 5 survivors (5120K)
 Metaspace       used 97352K, committed 99328K, reserved 1179648K
  class space    used 13046K, committed 14016K, reserved 1048576K
}
Event: 14.793 GC heap before
{Heap before GC invocations=29 (full 0):
 garbage-first heap   total 189440K, used 172749K [0x0000000080000000, 0x0000000100000000)
  region size 1024K, 70 young (71680K), 5 survivors (5120K)
 Metaspace       used 101397K, committed 103424K, reserved 1179648K
  class space    used 13477K, committed 14464K, reserved 1048576K
}
Event: 14.807 GC heap after
{Heap after GC invocations=30 (full 0):
 garbage-first heap   total 227328K, used 110837K [0x0000000080000000, 0x0000000100000000)
  region size 1024K, 9 young (9216K), 9 survivors (9216K)
 Metaspace       used 101397K, committed 103424K, reserved 1179648K
  class space    used 13477K, committed 14464K, reserved 1048576K
}
Event: 16.161 GC heap before
{Heap before GC invocations=30 (full 0):
 garbage-first heap   total 227328K, used 204021K [0x0000000080000000, 0x0000000100000000)
  region size 1024K, 100 young (102400K), 9 survivors (9216K)
 Metaspace       used 113978K, committed 115904K, reserved 1179648K
  class space    used 14791K, committed 15744K, reserved 1048576K
}
Event: 16.180 GC heap after
{Heap after GC invocations=31 (full 0):
 garbage-first heap   total 227328K, used 115563K [0x0000000080000000, 0x0000000100000000)
  region size 1024K, 11 young (11264K), 11 survivors (11264K)
 Metaspace       used 113978K, committed 115904K, reserved 1179648K
  class space    used 14791K, committed 15744K, reserved 1048576K
}
Event: 17.510 GC heap before
{Heap before GC invocations=31 (full 0):
 garbage-first heap   total 227328K, used 184171K [0x0000000080000000, 0x0000000100000000)
  region size 1024K, 79 young (80896K), 11 survivors (11264K)
 Metaspace       used 122069K, committed 124160K, reserved 1179648K
  class space    used 15625K, committed 16640K, reserved 1048576K
}
Event: 17.530 GC heap after
{Heap after GC invocations=32 (full 0):
 garbage-first heap   total 227328K, used 120391K [0x0000000080000000, 0x0000000100000000)
  region size 1024K, 9 young (9216K), 9 survivors (9216K)
 Metaspace       used 122069K, committed 124160K, reserved 1179648K
  class space    used 15625K, committed 16640K, reserved 1048576K
}
Event: 19.250 GC heap before
{Heap before GC invocations=33 (full 0):
 garbage-first heap   total 227328K, used 206407K [0x0000000080000000, 0x0000000100000000)
  region size 1024K, 92 young (94208K), 9 survivors (9216K)
 Metaspace       used 126107K, committed 128256K, reserved 1179648K
  class space    used 16158K, committed 17216K, reserved 1048576K
}
Event: 19.262 GC heap after
{Heap after GC invocations=34 (full 0):
 garbage-first heap   total 227328K, used 118532K [0x0000000080000000, 0x0000000100000000)
  region size 1024K, 3 young (3072K), 3 survivors (3072K)
 Metaspace       used 126107K, committed 128256K, reserved 1179648K
  class space    used 16158K, committed 17216K, reserved 1048576K
}
Event: 21.322 GC heap before
{Heap before GC invocations=34 (full 0):
 garbage-first heap   total 227328K, used 210692K [0x0000000080000000, 0x0000000100000000)
  region size 1024K, 94 young (96256K), 3 survivors (3072K)
 Metaspace       used 138044K, committed 140224K, reserved 1179648K
  class space    used 17785K, committed 18880K, reserved 1048576K
}
Event: 21.341 GC heap after
{Heap after GC invocations=35 (full 0):
 garbage-first heap   total 227328K, used 123240K [0x0000000080000000, 0x0000000100000000)
  region size 1024K, 8 young (8192K), 8 survivors (8192K)
 Metaspace       used 138044K, committed 140224K, reserved 1179648K
  class space    used 17785K, committed 18880K, reserved 1048576K
}
Event: 22.281 GC heap before
{Heap before GC invocations=35 (full 0):
 garbage-first heap   total 227328K, used 162152K [0x0000000080000000, 0x0000000100000000)
  region size 1024K, 47 young (48128K), 8 survivors (8192K)
 Metaspace       used 141104K, committed 143360K, reserved 1179648K
  class space    used 18129K, committed 19264K, reserved 1048576K
}
Event: 22.301 GC heap after
{Heap after GC invocations=36 (full 0):
 garbage-first heap   total 227328K, used 127348K [0x0000000080000000, 0x0000000100000000)
  region size 1024K, 10 young (10240K), 10 survivors (10240K)
 Metaspace       used 141104K, committed 143360K, reserved 1179648K
  class space    used 18129K, committed 19264K, reserved 1048576K
}

