# JRE version: OpenJDK Runtime Environment (21.0.3) (build 21.0.3+-12282718-b509.11)
# Java VM: OpenJDK 64-Bit Server VM (21.0.3+-12282718-b509.11, mixed mode, tiered, compressed oops, compressed class ptrs, g1 gc, windows-amd64)
GC Precious Log:
 CardTable entry size: 512
 Card Set container configuration: InlinePtr #cards 5 size 8 Array Of Cards #cards 12 size 40 Howl #buckets 4 coarsen threshold 1843 Howl Bitmap #cards 512 size 80 coarsen threshold 460 Card regions per heap region 1 cards per card region 2048
 CPUs: 4 total, 4 available
 Memory: 20263M
 Large Page Support: Disabled
 NUMA Support: Disabled
 Compressed Oops: Enabled (32-bit)
 Heap Region Size: 1M
 Heap Min Capacity: 8M
 Heap Initial Capacity: 318M
 Heap Max Capacity: 2G
 Pre-touch: Disabled
 Parallel Workers: 4
 Concurrent Workers: 1
 Concurrent Refinement Workers: 4
 Periodic GC: Disabled
Heap:
 garbage-first heap   total 367616K, used 215040K [0x0000000080000000, 0x0000000100000000)
  region size 1024K, 87 young (89088K), 8 survivors (8192K)
 Metaspace       used 58163K, committed 59648K, reserved 1114112K
  class space    used 7918K, committed 8640K, reserved 1048576K
GC Heap History (20 events):
Event: 7.130 GC heap before
{Heap before GC invocations=9 (full 0):
 garbage-first heap   total 78848K, used 66665K [0x0000000080000000, 0x0000000100000000)
  region size 1024K, 24 young (24576K), 2 survivors (2048K)
 Metaspace       used 40736K, committed 41856K, reserved 1114112K
  class space    used 5660K, committed 6208K, reserved 1048576K
}
Event: 7.142 GC heap after
{Heap after GC invocations=10 (full 0):
 garbage-first heap   total 78848K, used 45283K [0x0000000080000000, 0x0000000100000000)
  region size 1024K, 3 young (3072K), 3 survivors (3072K)
 Metaspace       used 40736K, committed 41856K, reserved 1114112K
  class space    used 5660K, committed 6208K, reserved 1048576K
}
Event: 7.777 GC heap before
{Heap before GC invocations=10 (full 0):
 garbage-first heap   total 78848K, used 67811K [0x0000000080000000, 0x0000000100000000)
  region size 1024K, 26 young (26624K), 3 survivors (3072K)
 Metaspace       used 44221K, committed 45504K, reserved 1114112K
  class space    used 6211K, committed 6848K, reserved 1048576K
}
Event: 7.785 GC heap after
{Heap after GC invocations=11 (full 0):
 garbage-first heap   total 202752K, used 47423K [0x0000000080000000, 0x0000000100000000)
  region size 1024K, 4 young (4096K), 4 survivors (4096K)
 Metaspace       used 44221K, committed 45504K, reserved 1114112K
  class space    used 6211K, committed 6848K, reserved 1048576K
}
Event: 10.131 GC heap before
{Heap before GC invocations=12 (full 0):
 garbage-first heap   total 163840K, used 147775K [0x0000000080000000, 0x0000000100000000)
  region size 1024K, 96 young (98304K), 4 survivors (4096K)
 Metaspace       used 55846K, committed 57344K, reserved 1114112K
  class space    used 7654K, committed 8384K, reserved 1048576K
}
Event: 10.147 GC heap after
{Heap after GC invocations=13 (full 0):
 garbage-first heap   total 163840K, used 57618K [0x0000000080000000, 0x0000000100000000)
  region size 1024K, 12 young (12288K), 12 survivors (12288K)
 Metaspace       used 55846K, committed 57344K, reserved 1114112K
  class space    used 7654K, committed 8384K, reserved 1048576K
}
Event: 11.615 GC heap before
{Heap before GC invocations=13 (full 0):
 garbage-first heap   total 163840K, used 136466K [0x0000000080000000, 0x0000000100000000)
  region size 1024K, 88 young (90112K), 12 survivors (12288K)
 Metaspace       used 57806K, committed 59264K, reserved 1114112K
  class space    used 7880K, committed 8576K, reserved 1048576K
}
Event: 11.683 GC heap after
{Heap after GC invocations=14 (full 0):
 garbage-first heap   total 183296K, used 90937K [0x0000000080000000, 0x0000000100000000)
  region size 1024K, 11 young (11264K), 11 survivors (11264K)
 Metaspace       used 57806K, committed 59264K, reserved 1114112K
  class space    used 7880K, committed 8576K, reserved 1048576K
}
Event: 12.254 GC heap before
{Heap before GC invocations=14 (full 0):
 garbage-first heap   total 183296K, used 134969K [0x0000000080000000, 0x0000000100000000)
  region size 1024K, 56 young (57344K), 11 survivors (11264K)
 Metaspace       used 57972K, committed 59392K, reserved 1114112K
  class space    used 7902K, committed 8576K, reserved 1048576K
}
Event: 12.304 GC heap after
{Heap after GC invocations=15 (full 0):
 garbage-first heap   total 183296K, used 109881K [0x0000000080000000, 0x0000000100000000)
  region size 1024K, 8 young (8192K), 8 survivors (8192K)
 Metaspace       used 57972K, committed 59392K, reserved 1114112K
  class space    used 7902K, committed 8576K, reserved 1048576K
}
Event: 13.041 GC heap before
{Heap before GC invocations=16 (full 0):
 garbage-first heap   total 193536K, used 146745K [0x0000000080000000, 0x0000000100000000)
  region size 1024K, 45 young (46080K), 8 survivors (8192K)
 Metaspace       used 57980K, committed 59392K, reserved 1114112K
  class space    used 7902K, committed 8576K, reserved 1048576K
}
Event: 13.074 GC heap after
{Heap after GC invocations=17 (full 0):
 garbage-first heap   total 193536K, used 122681K [0x0000000080000000, 0x0000000100000000)
  region size 1024K, 6 young (6144K), 6 survivors (6144K)
 Metaspace       used 57980K, committed 59392K, reserved 1114112K
  class space    used 7902K, committed 8576K, reserved 1048576K
}
Event: 13.590 GC heap before
{Heap before GC invocations=17 (full 0):
 garbage-first heap   total 193536K, used 159545K [0x0000000080000000, 0x0000000100000000)
  region size 1024K, 42 young (43008K), 6 survivors (6144K)
 Metaspace       used 58111K, committed 59584K, reserved 1114112K
  class space    used 7918K, committed 8640K, reserved 1048576K
}
Event: 13.620 GC heap after
{Heap after GC invocations=18 (full 0):
 garbage-first heap   total 193536K, used 133120K [0x0000000080000000, 0x0000000100000000)
  region size 1024K, 6 young (6144K), 6 survivors (6144K)
 Metaspace       used 58111K, committed 59584K, reserved 1114112K
  class space    used 7918K, committed 8640K, reserved 1048576K
}
Event: 13.767 GC heap before
{Heap before GC invocations=18 (full 0):
 garbage-first heap   total 193536K, used 146432K [0x0000000080000000, 0x0000000100000000)
  region size 1024K, 20 young (20480K), 6 survivors (6144K)
 Metaspace       used 58134K, committed 59584K, reserved 1114112K
  class space    used 7918K, committed 8640K, reserved 1048576K
}
Event: 13.783 GC heap after
{Heap after GC invocations=19 (full 0):
 garbage-first heap   total 193536K, used 138544K [0x0000000080000000, 0x0000000100000000)
  region size 1024K, 5 young (5120K), 5 survivors (5120K)
 Metaspace       used 58134K, committed 59584K, reserved 1114112K
  class space    used 7918K, committed 8640K, reserved 1048576K
}
Event: 14.301 GC heap before
{Heap before GC invocations=20 (full 0):
 garbage-first heap   total 227328K, used 159024K [0x0000000080000000, 0x0000000100000000)
  region size 1024K, 34 young (34816K), 5 survivors (5120K)
 Metaspace       used 58144K, committed 59584K, reserved 1114112K
  class space    used 7918K, committed 8640K, reserved 1048576K
}
Event: 14.324 GC heap after
{Heap after GC invocations=21 (full 0):
 garbage-first heap   total 227328K, used 134908K [0x0000000080000000, 0x0000000100000000)
  region size 1024K, 5 young (5120K), 5 survivors (5120K)
 Metaspace       used 58144K, committed 59584K, reserved 1114112K
  class space    used 7918K, committed 8640K, reserved 1048576K
}
Event: 14.870 GC heap before
{Heap before GC invocations=21 (full 0):
 garbage-first heap   total 227328K, used 189180K [0x0000000080000000, 0x0000000100000000)
  region size 1024K, 57 young (58368K), 5 survivors (5120K)
 Metaspace       used 58144K, committed 59584K, reserved 1114112K
  class space    used 7918K, committed 8640K, reserved 1048576K
}
Event: 14.910 GC heap after
{Heap after GC invocations=22 (full 0):
 garbage-first heap   total 367616K, used 126976K [0x0000000080000000, 0x0000000100000000)
  region size 1024K, 8 young (8192K), 8 survivors (8192K)
 Metaspace       used 58144K, committed 59584K, reserved 1114112K
  class space    used 7918K, committed 8640K, reserved 1048576K
}

